{
  message: 'Creating new user!!',
  level: 'info',
  timestamp: '2025-04-08T16:07:06.229Z'
}
{
  message: 'Creating new user!!',
  level: 'info',
  timestamp: '2025-04-08T16:40:28.784Z'
}
{
  message: 'Creating new user!!',
  level: 'info',
  timestamp: '2025-04-08T16:41:58.961Z'
}
{
  message: 'Creating new user!!',
  level: 'info',
  timestamp: '2025-04-08T16:44:39.733Z'
}
{
  message: 'Creating new user!!',
  level: 'info',
  timestamp: '2025-04-09T11:53:10.860Z'
}
{
  message: 'Creating new user!!',
  level: 'info',
  timestamp: '2025-04-09T11:53:10.880Z'
}
{
  message: 'Creating new user!!',
  level: 'info',
  timestamp: '2025-04-09T11:56:06.397Z'
}
{
  message: 'Creating new user!!',
  level: 'info',
  timestamp: '2025-04-09T11:56:06.462Z'
}
{
  message: 'Creating new user!!',
  level: 'info',
  timestamp: '2025-04-09T11:58:26.499Z'
}
{
  message: 'Creating new user!!',
  level: 'info',
  timestamp: '2025-04-09T11:58:26.527Z'
}
{
  message: 'Creating new user!!',
  level: 'info',
  timestamp: '2025-04-09T12:01:50.345Z'
}
{
  message: 'Creating new user!!',
  level: 'info',
  timestamp: '2025-04-09T12:01:50.367Z'
}
{
  message: 'Creating new user!!',
  level: 'info',
  timestamp: '2025-04-09T13:30:45.608Z'
}
{
  message: 'Creating new user!!',
  level: 'info',
  timestamp: '2025-04-09T13:30:45.665Z'
}
{
  message: 'Creating new user!!',
  level: 'info',
  timestamp: '2025-04-09T13:40:52.193Z'
}
{
  message: 'Creating new user!!',
  level: 'info',
  timestamp: '2025-04-09T13:40:52.287Z'
}
{
  message: 'Creating new user!!',
  level: 'info',
  timestamp: '2025-04-09T13:55:28.679Z'
}
{
  message: 'Creating new user!!',
  level: 'info',
  timestamp: '2025-04-09T13:55:28.779Z'
}
{
  message: 'Creating new user!!',
  level: 'info',
  timestamp: '2025-04-09T13:59:11.095Z'
}
{
  message: 'Creating new user!!',
  level: 'info',
  timestamp: '2025-04-09T13:59:11.140Z'
}
